[debug] [2018-02-17T16:53:02.503Z] ----------------------------------------------------------------------
[debug] [2018-02-17T16:53:02.507Z] Command:       /home/jalasem/n/bin/node /home/jalasem/n/bin/firebase deploy
[debug] [2018-02-17T16:53:02.507Z] CLI Version:   3.17.4
[debug] [2018-02-17T16:53:02.507Z] Platform:      linux
[debug] [2018-02-17T16:53:02.507Z] Node Version:  v8.9.4
[debug] [2018-02-17T16:53:02.508Z] Time:          Sat Feb 17 2018 17:53:02 GMT+0100 (WAT)
[debug] [2018-02-17T16:53:02.508Z] ----------------------------------------------------------------------
[debug] 
[debug] [2018-02-17T16:53:02.520Z] > command requires scopes: ["email","openid","https://www.googleapis.com/auth/cloudplatformprojects.readonly","https://www.googleapis.com/auth/firebase","https://www.googleapis.com/auth/cloud-platform"]
[debug] [2018-02-17T16:53:02.520Z] > authorizing via signed-in user
[debug] [2018-02-17T16:53:02.523Z] > refreshing access token with scopes: ["email","https://www.googleapis.com/auth/cloud-platform","https://www.googleapis.com/auth/cloudplatformprojects.readonly","https://www.googleapis.com/auth/firebase","openid"]
[debug] [2018-02-17T16:53:02.524Z] >>> HTTP REQUEST POST https://www.googleapis.com/oauth2/v3/token  
 { refresh_token: '1/SCvZ6bInO9ZLS6oAcYZvn2b12cl_L5KN_WMGe6I-dd4',
  client_id: '563584335869-fgrhgmd47bqnekij5i8b5pr03ho849e6.apps.googleusercontent.com',
  client_secret: 'j9iVZfS8kkCEFUPaAeJV0sAi',
  grant_type: 'refresh_token',
  scope: 'email https://www.googleapis.com/auth/cloud-platform https://www.googleapis.com/auth/cloudplatformprojects.readonly https://www.googleapis.com/auth/firebase openid' } 
 Sat Feb 17 2018 17:53:02 GMT+0100 (WAT)
[debug] [2018-02-17T16:53:04.503Z] <<< HTTP RESPONSE 200
[debug] [2018-02-17T16:53:04.574Z] >>> HTTP REQUEST GET https://admin.firebase.com/v1/projects/steemgigsorg  
  
 Sat Feb 17 2018 17:53:04 GMT+0100 (WAT)
[debug] [2018-02-17T16:53:06.236Z] <<< HTTP RESPONSE 200
[debug] [2018-02-17T16:53:06.239Z] >>> HTTP REQUEST GET https://admin.firebase.com/v1/database/steemgigsorg/tokens  
  
 Sat Feb 17 2018 17:53:06 GMT+0100 (WAT)
[debug] [2018-02-17T16:53:07.894Z] <<< HTTP RESPONSE 200
[info] 
[info] === Deploying to 'steemgigsorg'...
[info] 
[info] i  deploying hosting
[info] i  hosting: preparing dist directory for upload...
[debug] [2018-02-17T16:53:10.606Z] >>> HTTP REQUEST PUT https://deploy.firebase.com/v1/hosting/steemgigsorg/uploads/-L5ZfkTSQrAUm3uJJGxm?fileCount=51&message=  
  
 Sat Feb 17 2018 17:53:10 GMT+0100 (WAT)
[debug] [2018-02-17T16:57:22.555Z] ----------------------------------------------------------------------
[debug] [2018-02-17T16:57:22.562Z] Command:       /home/jalasem/n/bin/node /home/jalasem/n/bin/firebase deploy
[debug] [2018-02-17T16:57:22.562Z] CLI Version:   3.17.4
[debug] [2018-02-17T16:57:22.562Z] Platform:      linux
[debug] [2018-02-17T16:57:22.562Z] Node Version:  v8.9.4
[debug] [2018-02-17T16:57:22.562Z] Time:          Sat Feb 17 2018 17:57:22 GMT+0100 (WAT)
[debug] [2018-02-17T16:57:22.562Z] ----------------------------------------------------------------------
[debug] 
[debug] [2018-02-17T16:57:22.703Z] > command requires scopes: ["email","openid","https://www.googleapis.com/auth/cloudplatformprojects.readonly","https://www.googleapis.com/auth/firebase","https://www.googleapis.com/auth/cloud-platform"]
[debug] [2018-02-17T16:57:22.703Z] > authorizing via signed-in user
[debug] [2018-02-17T16:57:22.709Z] >>> HTTP REQUEST GET https://admin.firebase.com/v1/projects/steemgigsorg  
  
 Sat Feb 17 2018 17:57:22 GMT+0100 (WAT)
[debug] [2018-02-17T16:57:24.642Z] <<< HTTP RESPONSE 200
[debug] [2018-02-17T16:57:24.643Z] >>> HTTP REQUEST GET https://admin.firebase.com/v1/database/steemgigsorg/tokens  
  
 Sat Feb 17 2018 17:57:24 GMT+0100 (WAT)
[debug] [2018-02-17T16:57:26.401Z] <<< HTTP RESPONSE 200
[info] 
[info] === Deploying to 'steemgigsorg'...
[info] 
[info] i  deploying hosting
[info] i  hosting: preparing dist directory for upload...
[debug] [2018-02-17T16:57:28.928Z] >>> HTTP REQUEST PUT https://deploy.firebase.com/v1/hosting/steemgigsorg/uploads/-L5ZgjX778gSIbzBxzrl?fileCount=51&message=  
  
 Sat Feb 17 2018 17:57:28 GMT+0100 (WAT)
[debug] [2018-02-18T08:06:08.500Z] Error: read EINVAL
    at _errnoException (util.js:1022:11)
    at TLSWrap.onread (net.js:615:25)
[error] 
[error] Error: Server Error. read EINVAL
